0 info it worked if it ends with ok
1 verbose cli [ 'd:\\Program Files (x86)\\nodejs\\node.exe',
1 verbose cli   'd:\\Program Files (x86)\\nodejs\\node_modules\\npm\\bin\\npm-cli.js',
1 verbose cli   'publish' ]
2 info using npm@2.14.9
3 info using node@v0.12.9
4 verbose publish [ '.' ]
5 silly cache add args [ '.', null ]
6 verbose cache add spec .
7 silly cache add parsed spec { raw: '.',
7 silly cache add   scope: null,
7 silly cache add   name: null,
7 silly cache add   rawSpec: '.',
7 silly cache add   spec: 'D:\\WWW\\nodejsWorkspace',
7 silly cache add   type: 'directory' }
8 verbose addLocalDirectory D:\Program Files (x86)\nodejs\node_cache\hellonode\0.1.0\package.tgz not in flight; packing
9 verbose tar pack [ 'D:\\Program Files (x86)\\nodejs\\node_cache\\hellonode\\0.1.0\\package.tgz',
9 verbose tar pack   'D:\\WWW\\nodejsWorkspace' ]
10 verbose tarball D:\Program Files (x86)\nodejs\node_cache\hellonode\0.1.0\package.tgz
11 verbose folder D:\WWW\nodejsWorkspace
12 info prepublish hellonode@0.1.0
13 verbose addLocalTarball adding from inside cache D:\Program Files (x86)\nodejs\node_cache\hellonode\0.1.0\package.tgz
14 silly cache afterAdd hellonode@0.1.0
15 verbose afterAdd D:\Program Files (x86)\nodejs\node_cache\hellonode\0.1.0\package\package.json not in flight; writing
16 verbose afterAdd D:\Program Files (x86)\nodejs\node_cache\hellonode\0.1.0\package\package.json written
17 silly publish { name: 'hellonode',
17 silly publish   version: '0.1.0',
17 silly publish   license: 'MIT',
17 silly publish   description: 'this my first nodejs project',
17 silly publish   main: 'app.js',
17 silly publish   dependencies:
17 silly publish    { 'body-parser': '^1.16.1',
17 silly publish      'cookie-parser': '^1.4.3',
17 silly publish      express: '^4.14.1',
17 silly publish      multer: '^1.3.0',
17 silly publish      sxangularweblib: '^0.1.4' },
17 silly publish   devDependencies: {},
17 silly publish   scripts: { test: 'echo "Error: no test specified" && exit 1' },
17 silly publish   keywords: [ 'hellonode' ],
17 silly publish   author: '',
17 silly publish   repository:
17 silly publish    { type: 'git',
17 silly publish      url: 'git+https://github.com/TonyLiuDalian/hellonodejs.git' },
17 silly publish   readme: 'ERROR: No README data found!',
17 silly publish   readmeFilename: 'README.md',
17 silly publish   gitHead: 'e09a7028a90edaad9a796d4bdb0c51a5365f9251',
17 silly publish   bugs: { url: 'https://github.com/TonyLiuDalian/hellonodejs/issues' },
17 silly publish   homepage: 'https://github.com/TonyLiuDalian/hellonodejs#readme',
17 silly publish   _id: 'hellonode@0.1.0',
17 silly publish   _shasum: '381159f59a35328751313eb6e287c28ddef6bd8b',
17 silly publish   _from: '.' }
18 verbose getPublishConfig undefined
19 silly mapToRegistry name hellonode
20 silly mapToRegistry using default registry
21 silly mapToRegistry registry https://registry.npmjs.org/
22 silly mapToRegistry uri https://registry.npmjs.org/hellonode
23 verbose publish registryBase https://registry.npmjs.org/
24 silly publish uploading D:\Program Files (x86)\nodejs\node_cache\hellonode\0.1.0\package.tgz
25 verbose request uri https://registry.npmjs.org/hellonode
26 verbose request sending authorization for write operation
27 info attempt registry request try #1 at 15:00:34
28 verbose request using bearer token for auth
29 verbose request id ebc84646e1137feb
30 http request PUT https://registry.npmjs.org/hellonode
31 http 403 https://registry.npmjs.org/hellonode
32 verbose headers { 'content-type': 'application/json',
32 verbose headers   'cache-control': 'max-age=300',
32 verbose headers   'content-length': '103',
32 verbose headers   'accept-ranges': 'bytes',
32 verbose headers   date: 'Wed, 01 Mar 2017 07:00:38 GMT',
32 verbose headers   via: '1.1 varnish',
32 verbose headers   connection: 'keep-alive',
32 verbose headers   'x-served-by': 'cache-hkg6822-HKG',
32 verbose headers   'x-cache': 'MISS',
32 verbose headers   'x-cache-hits': '0',
32 verbose headers   'x-timer': 'S1488351637.664491,VS0,VE732',
32 verbose headers   vary: 'Accept-Encoding' }
33 verbose request invalidating D:\Program Files (x86)\nodejs\node_cache\registry.npmjs.org\hellonode on PUT
34 error publish Failed PUT 403
35 verbose stack Error: you do not have permission to publish "hellonode". Are you logged in as the correct user? : hellonode
35 verbose stack     at makeError (d:\Program Files (x86)\nodejs\node_modules\npm\node_modules\npm-registry-client\lib\request.js:264:12)
35 verbose stack     at CachingRegistryClient.<anonymous> (d:\Program Files (x86)\nodejs\node_modules\npm\node_modules\npm-registry-client\lib\request.js:252:14)
35 verbose stack     at Request._callback (d:\Program Files (x86)\nodejs\node_modules\npm\node_modules\npm-registry-client\lib\request.js:172:14)
35 verbose stack     at Request.self.callback (d:\Program Files (x86)\nodejs\node_modules\npm\node_modules\request\request.js:198:22)
35 verbose stack     at Request.emit (events.js:110:17)
35 verbose stack     at Request.<anonymous> (d:\Program Files (x86)\nodejs\node_modules\npm\node_modules\request\request.js:1082:10)
35 verbose stack     at Request.emit (events.js:129:20)
35 verbose stack     at IncomingMessage.<anonymous> (d:\Program Files (x86)\nodejs\node_modules\npm\node_modules\request\request.js:1009:12)
35 verbose stack     at IncomingMessage.emit (events.js:129:20)
35 verbose stack     at _stream_readable.js:908:16
36 verbose statusCode 403
37 verbose pkgid hellonode
38 verbose cwd D:\WWW\nodejsWorkspace
39 error Windows_NT 6.1.7601
40 error argv "d:\\Program Files (x86)\\nodejs\\node.exe" "d:\\Program Files (x86)\\nodejs\\node_modules\\npm\\bin\\npm-cli.js" "publish"
41 error node v0.12.9
42 error npm  v2.14.9
43 error code E403
44 error you do not have permission to publish "hellonode". Are you logged in as the correct user? : hellonode
45 error If you need help, you may report this error at:
45 error     <https://github.com/npm/npm/issues>
46 verbose exit [ 1, true ]
